{"D:\\React\\components\\Body.js": {"path":"D:\\React\\components\\Body.js","statementMap":{"0":{"start":{"line":8,"column":13},"end":{"line":89,"column":1}},"1":{"start":{"line":9,"column":46},"end":{"line":9,"column":60}},"2":{"start":{"line":10,"column":36},"end":{"line":10,"column":53}},"3":{"start":{"line":11,"column":40},"end":{"line":11,"column":52}},"4":{"start":{"line":12,"column":56},"end":{"line":12,"column":68}},"5":{"start":{"line":13,"column":4},"end":{"line":15,"column":10}},"6":{"start":{"line":14,"column":8},"end":{"line":14,"column":20}},"7":{"start":{"line":17,"column":22},"end":{"line":22,"column":5}},"8":{"start":{"line":18,"column":21},"end":{"line":18,"column":46}},"9":{"start":{"line":19,"column":21},"end":{"line":19,"column":38}},"10":{"start":{"line":20,"column":8},"end":{"line":20,"column":102}},"11":{"start":{"line":21,"column":8},"end":{"line":21,"column":106}},"12":{"start":{"line":23,"column":31},"end":{"line":23,"column":71}},"13":{"start":{"line":25,"column":25},"end":{"line":25,"column":42}},"14":{"start":{"line":26,"column":4},"end":{"line":30,"column":5}},"15":{"start":{"line":27,"column":8},"end":{"line":29,"column":9}},"16":{"start":{"line":31,"column":4},"end":{"line":31,"column":50}},"17":{"start":{"line":31,"column":32},"end":{"line":31,"column":50}},"18":{"start":{"line":32,"column":4},"end":{"line":88,"column":6}},"19":{"start":{"line":43,"column":24},"end":{"line":43,"column":54}},"20":{"start":{"line":55,"column":51},"end":{"line":57,"column":25}},"21":{"start":{"line":56,"column":37},"end":{"line":56,"column":99}},"22":{"start":{"line":58,"column":24},"end":{"line":58,"column":66}},"23":{"start":{"line":66,"column":41},"end":{"line":66,"column":115}},"24":{"start":{"line":66,"column":91},"end":{"line":66,"column":114}},"25":{"start":{"line":68,"column":20},"end":{"line":68,"column":56}},"26":{"start":{"line":72,"column":20},"end":{"line":72,"column":88}},"27":{"start":{"line":78,"column":20},"end":{"line":82,"column":27}}},"fnMap":{"0":{"name":"(anonymous_0)","decl":{"start":{"line":8,"column":13},"end":{"line":8,"column":14}},"loc":{"start":{"line":8,"column":19},"end":{"line":89,"column":1}},"line":8},"1":{"name":"(anonymous_1)","decl":{"start":{"line":13,"column":15},"end":{"line":13,"column":16}},"loc":{"start":{"line":13,"column":21},"end":{"line":15,"column":5}},"line":13},"2":{"name":"(anonymous_2)","decl":{"start":{"line":17,"column":22},"end":{"line":17,"column":23}},"loc":{"start":{"line":17,"column":34},"end":{"line":22,"column":5}},"line":17},"3":{"name":"(anonymous_3)","decl":{"start":{"line":42,"column":20},"end":{"line":42,"column":21}},"loc":{"start":{"line":42,"column":27},"end":{"line":48,"column":21}},"line":42},"4":{"name":"(anonymous_4)","decl":{"start":{"line":54,"column":20},"end":{"line":54,"column":21}},"loc":{"start":{"line":54,"column":26},"end":{"line":59,"column":21}},"line":54},"5":{"name":"(anonymous_5)","decl":{"start":{"line":56,"column":28},"end":{"line":56,"column":29}},"loc":{"start":{"line":56,"column":37},"end":{"line":56,"column":99}},"line":56},"6":{"name":"(anonymous_6)","decl":{"start":{"line":65,"column":26},"end":{"line":65,"column":27}},"loc":{"start":{"line":65,"column":32},"end":{"line":69,"column":17}},"line":65},"7":{"name":"(anonymous_7)","decl":{"start":{"line":66,"column":82},"end":{"line":66,"column":83}},"loc":{"start":{"line":66,"column":91},"end":{"line":66,"column":114}},"line":66},"8":{"name":"(anonymous_8)","decl":{"start":{"line":71,"column":162},"end":{"line":71,"column":163}},"loc":{"start":{"line":71,"column":168},"end":{"line":73,"column":17}},"line":71},"9":{"name":"(anonymous_9)","decl":{"start":{"line":77,"column":65},"end":{"line":77,"column":66}},"loc":{"start":{"line":78,"column":20},"end":{"line":82,"column":27}},"line":78}},"branchMap":{"0":{"loc":{"start":{"line":26,"column":4},"end":{"line":30,"column":5}},"type":"if","locations":[{"start":{"line":26,"column":4},"end":{"line":30,"column":5}},{"start":{},"end":{}}],"line":26},"1":{"loc":{"start":{"line":31,"column":4},"end":{"line":31,"column":50}},"type":"if","locations":[{"start":{"line":31,"column":4},"end":{"line":31,"column":50}},{"start":{},"end":{}}],"line":31},"2":{"loc":{"start":{"line":55,"column":51},"end":{"line":57,"column":25}},"type":"binary-expr","locations":[{"start":{"line":55,"column":51},"end":{"line":55,"column":65}},{"start":{"line":55,"column":69},"end":{"line":57,"column":25}}],"line":55},"3":{"loc":{"start":{"line":66,"column":41},"end":{"line":66,"column":115}},"type":"binary-expr","locations":[{"start":{"line":66,"column":41},"end":{"line":66,"column":55}},{"start":{"line":66,"column":59},"end":{"line":66,"column":115}}],"line":66},"4":{"loc":{"start":{"line":72,"column":20},"end":{"line":72,"column":87}},"type":"cond-expr","locations":[{"start":{"line":72,"column":43},"end":{"line":72,"column":64}},{"start":{"line":72,"column":67},"end":{"line":72,"column":87}}],"line":72},"5":{"loc":{"start":{"line":77,"column":20},"end":{"line":83,"column":21}},"type":"binary-expr","locations":[{"start":{"line":77,"column":20},"end":{"line":77,"column":38}},{"start":{"line":77,"column":42},"end":{"line":83,"column":21}}],"line":77},"6":{"loc":{"start":{"line":80,"column":27},"end":{"line":80,"column":142}},"type":"cond-expr","locations":[{"start":{"line":80,"column":53},"end":{"line":80,"column":97}},{"start":{"line":80,"column":102},"end":{"line":80,"column":141}}],"line":80}},"s":{"0":1,"1":4,"2":4,"3":4,"4":4,"5":4,"6":1,"7":4,"8":1,"9":1,"10":1,"11":1,"12":4,"13":4,"14":4,"15":0,"16":4,"17":1,"18":3,"19":1,"20":1,"21":20,"22":1,"23":0,"24":0,"25":0,"26":0,"27":41},"f":{"0":4,"1":1,"2":1,"3":1,"4":1,"5":20,"6":0,"7":0,"8":0,"9":41},"b":{"0":[0,4],"1":[1,3],"2":[1,1],"3":[0,0],"4":[0,0],"5":[3,3],"6":[41,0]},"_coverageSchema":"1a1c01bbd47fc00a2c39e90264f33305004495a9","hash":"9bfd6e13f7fd849dbf875a9ba74dd9794c8cf504"}
,"D:\\React\\components\\Contact.js": {"path":"D:\\React\\components\\Contact.js","statementMap":{"0":{"start":{"line":2,"column":16},"end":{"line":9,"column":1}},"1":{"start":{"line":3,"column":4},"end":{"line":8,"column":5}}},"fnMap":{"0":{"name":"(anonymous_0)","decl":{"start":{"line":2,"column":16},"end":{"line":2,"column":17}},"loc":{"start":{"line":2,"column":22},"end":{"line":9,"column":1}},"line":2}},"branchMap":{},"s":{"0":1,"1":2},"f":{"0":2},"b":{},"_coverageSchema":"1a1c01bbd47fc00a2c39e90264f33305004495a9","hash":"3db96ce4834a2d21278d371247190eb4ed3fcfa9"}
,"D:\\React\\components\\Header.js": {"path":"D:\\React\\components\\Header.js","statementMap":{"0":{"start":{"line":8,"column":15},"end":{"line":29,"column":1}},"1":{"start":{"line":9,"column":27},"end":{"line":9,"column":50}},"2":{"start":{"line":10,"column":17},"end":{"line":10,"column":58}},"3":{"start":{"line":10,"column":41},"end":{"line":10,"column":57}},"4":{"start":{"line":11,"column":4},"end":{"line":28,"column":6}}},"fnMap":{"0":{"name":"(anonymous_0)","decl":{"start":{"line":8,"column":15},"end":{"line":8,"column":16}},"loc":{"start":{"line":8,"column":21},"end":{"line":29,"column":1}},"line":8},"1":{"name":"(anonymous_1)","decl":{"start":{"line":10,"column":30},"end":{"line":10,"column":31}},"loc":{"start":{"line":10,"column":41},"end":{"line":10,"column":57}},"line":10}},"branchMap":{"0":{"loc":{"start":{"line":18,"column":43},"end":{"line":18,"column":82}},"type":"cond-expr","locations":[{"start":{"line":18,"column":71},"end":{"line":18,"column":75}},{"start":{"line":18,"column":78},"end":{"line":18,"column":82}}],"line":18}},"s":{"0":1,"1":3,"2":3,"3":6,"4":3},"f":{"0":3,"1":6},"b":{"0":[3,0]},"_coverageSchema":"1a1c01bbd47fc00a2c39e90264f33305004495a9","hash":"5794ed73cb600eb00d4648d0e061697eb1df6749"}
,"D:\\React\\components\\ItemsList.js": {"path":"D:\\React\\components\\ItemsList.js","statementMap":{"0":{"start":{"line":3,"column":18},"end":{"line":9,"column":1}},"1":{"start":{"line":4,"column":4},"end":{"line":8,"column":5}},"2":{"start":{"line":6,"column":33},"end":{"line":6,"column":83}},"3":{"start":{"line":12,"column":38},"end":{"line":18,"column":1}},"4":{"start":{"line":13,"column":4},"end":{"line":17,"column":5}},"5":{"start":{"line":15,"column":33},"end":{"line":15,"column":96}}},"fnMap":{"0":{"name":"(anonymous_0)","decl":{"start":{"line":3,"column":18},"end":{"line":3,"column":19}},"loc":{"start":{"line":3,"column":31},"end":{"line":9,"column":1}},"line":3},"1":{"name":"(anonymous_1)","decl":{"start":{"line":6,"column":23},"end":{"line":6,"column":24}},"loc":{"start":{"line":6,"column":33},"end":{"line":6,"column":83}},"line":6},"2":{"name":"(anonymous_2)","decl":{"start":{"line":12,"column":38},"end":{"line":12,"column":39}},"loc":{"start":{"line":12,"column":51},"end":{"line":18,"column":1}},"line":12},"3":{"name":"(anonymous_3)","decl":{"start":{"line":15,"column":23},"end":{"line":15,"column":24}},"loc":{"start":{"line":15,"column":33},"end":{"line":15,"column":96}},"line":15}},"branchMap":{},"s":{"0":1,"1":0,"2":0,"3":1,"4":0,"5":0},"f":{"0":0,"1":0,"2":0,"3":0},"b":{},"_coverageSchema":"1a1c01bbd47fc00a2c39e90264f33305004495a9","hash":"9975d3ba33c41cfd9da23dfa8d58f119c2c50599"}
,"D:\\React\\components\\MenuCard.js": {"path":"D:\\React\\components\\MenuCard.js","statementMap":{"0":{"start":{"line":4,"column":17},"end":{"line":26,"column":1}},"1":{"start":{"line":5,"column":21},"end":{"line":5,"column":34}},"2":{"start":{"line":6,"column":29},"end":{"line":8,"column":5}},"3":{"start":{"line":7,"column":8},"end":{"line":7,"column":36}},"4":{"start":{"line":9,"column":4},"end":{"line":25,"column":5}},"5":{"start":{"line":19,"column":35},"end":{"line":19,"column":57}}},"fnMap":{"0":{"name":"(anonymous_0)","decl":{"start":{"line":4,"column":17},"end":{"line":4,"column":18}},"loc":{"start":{"line":4,"column":29},"end":{"line":26,"column":1}},"line":4},"1":{"name":"(anonymous_1)","decl":{"start":{"line":6,"column":29},"end":{"line":6,"column":30}},"loc":{"start":{"line":6,"column":39},"end":{"line":8,"column":5}},"line":6},"2":{"name":"(anonymous_2)","decl":{"start":{"line":19,"column":29},"end":{"line":19,"column":30}},"loc":{"start":{"line":19,"column":35},"end":{"line":19,"column":57}},"line":19}},"branchMap":{"0":{"loc":{"start":{"line":14,"column":45},"end":{"line":14,"column":142}},"type":"cond-expr","locations":[{"start":{"line":14,"column":75},"end":{"line":14,"column":102}},{"start":{"line":14,"column":107},"end":{"line":14,"column":141}}],"line":14}},"s":{"0":1,"1":0,"2":0,"3":0,"4":0,"5":0},"f":{"0":0,"1":0,"2":0},"b":{"0":[0,0]},"_coverageSchema":"1a1c01bbd47fc00a2c39e90264f33305004495a9","hash":"aececdb1e76022e3b66c8915f64c3047c4647f99"}
,"D:\\React\\components\\MenuCardWithAddButton.js": {"path":"D:\\React\\components\\MenuCardWithAddButton.js","statementMap":{"0":{"start":{"line":4,"column":30},"end":{"line":26,"column":1}},"1":{"start":{"line":5,"column":21},"end":{"line":5,"column":34}},"2":{"start":{"line":6,"column":26},"end":{"line":8,"column":5}},"3":{"start":{"line":7,"column":8},"end":{"line":7,"column":33}},"4":{"start":{"line":9,"column":4},"end":{"line":25,"column":5}},"5":{"start":{"line":19,"column":31},"end":{"line":19,"column":50}}},"fnMap":{"0":{"name":"(anonymous_0)","decl":{"start":{"line":4,"column":30},"end":{"line":4,"column":31}},"loc":{"start":{"line":4,"column":42},"end":{"line":26,"column":1}},"line":4},"1":{"name":"(anonymous_1)","decl":{"start":{"line":6,"column":26},"end":{"line":6,"column":27}},"loc":{"start":{"line":6,"column":36},"end":{"line":8,"column":5}},"line":6},"2":{"name":"(anonymous_2)","decl":{"start":{"line":19,"column":25},"end":{"line":19,"column":26}},"loc":{"start":{"line":19,"column":31},"end":{"line":19,"column":50}},"line":19}},"branchMap":{"0":{"loc":{"start":{"line":14,"column":45},"end":{"line":14,"column":142}},"type":"cond-expr","locations":[{"start":{"line":14,"column":75},"end":{"line":14,"column":102}},{"start":{"line":14,"column":107},"end":{"line":14,"column":141}}],"line":14}},"s":{"0":1,"1":0,"2":0,"3":0,"4":0,"5":0},"f":{"0":0,"1":0,"2":0},"b":{"0":[0,0]},"_coverageSchema":"1a1c01bbd47fc00a2c39e90264f33305004495a9","hash":"860721ee0094407eafa74e574c8381da5aa9b4e2"}
,"D:\\React\\components\\OfflineScreen.js": {"path":"D:\\React\\components\\OfflineScreen.js","statementMap":{"0":{"start":{"line":1,"column":29},"end":{"line":10,"column":1}},"1":{"start":{"line":2,"column":2},"end":{"line":9,"column":4}}},"fnMap":{"0":{"name":"(anonymous_0)","decl":{"start":{"line":1,"column":29},"end":{"line":1,"column":30}},"loc":{"start":{"line":1,"column":35},"end":{"line":10,"column":1}},"line":1}},"branchMap":{},"s":{"0":1,"1":0},"f":{"0":0},"b":{},"_coverageSchema":"1a1c01bbd47fc00a2c39e90264f33305004495a9","hash":"18812500f8b42f3cd8d2f557a9cfb650ffc64ead"}
,"D:\\React\\components\\RestaurantCard.js": {"path":"D:\\React\\components\\RestaurantCard.js","statementMap":{"0":{"start":{"line":3,"column":23},"end":{"line":19,"column":1}},"1":{"start":{"line":4,"column":22},"end":{"line":4,"column":27}},"2":{"start":{"line":5,"column":42},"end":{"line":5,"column":55}},"3":{"start":{"line":6,"column":4},"end":{"line":18,"column":6}},"4":{"start":{"line":22,"column":40},"end":{"line":31,"column":1}},"5":{"start":{"line":23,"column":4},"end":{"line":30,"column":5}},"6":{"start":{"line":24,"column":8},"end":{"line":29,"column":9}}},"fnMap":{"0":{"name":"(anonymous_0)","decl":{"start":{"line":3,"column":23},"end":{"line":3,"column":24}},"loc":{"start":{"line":3,"column":34},"end":{"line":19,"column":1}},"line":3},"1":{"name":"(anonymous_1)","decl":{"start":{"line":22,"column":40},"end":{"line":22,"column":41}},"loc":{"start":{"line":22,"column":60},"end":{"line":31,"column":1}},"line":22},"2":{"name":"(anonymous_2)","decl":{"start":{"line":23,"column":11},"end":{"line":23,"column":12}},"loc":{"start":{"line":23,"column":22},"end":{"line":30,"column":5}},"line":23}},"branchMap":{},"s":{"0":2,"1":44,"2":44,"3":44,"4":2,"5":5,"6":42},"f":{"0":44,"1":5,"2":42},"b":{},"_coverageSchema":"1a1c01bbd47fc00a2c39e90264f33305004495a9","hash":"8cb3d77b8d26da698c14277107d3838776dfdba0"}
,"D:\\React\\components\\RestaurantCategory.js": {"path":"D:\\React\\components\\RestaurantCategory.js","statementMap":{"0":{"start":{"line":2,"column":27},"end":{"line":18,"column":1}},"1":{"start":{"line":3,"column":30},"end":{"line":3,"column":46}},"2":{"start":{"line":4,"column":26},"end":{"line":6,"column":5}},"3":{"start":{"line":5,"column":8},"end":{"line":5,"column":24}},"4":{"start":{"line":7,"column":4},"end":{"line":17,"column":5}}},"fnMap":{"0":{"name":"(anonymous_0)","decl":{"start":{"line":2,"column":27},"end":{"line":2,"column":28}},"loc":{"start":{"line":2,"column":63},"end":{"line":18,"column":1}},"line":2},"1":{"name":"(anonymous_1)","decl":{"start":{"line":4,"column":26},"end":{"line":4,"column":27}},"loc":{"start":{"line":4,"column":32},"end":{"line":6,"column":5}},"line":4}},"branchMap":{"0":{"loc":{"start":{"line":14,"column":17},"end":{"line":14,"column":72}},"type":"binary-expr","locations":[{"start":{"line":14,"column":17},"end":{"line":14,"column":25}},{"start":{"line":14,"column":29},"end":{"line":14,"column":72}}],"line":14}},"s":{"0":1,"1":0,"2":0,"3":0,"4":0},"f":{"0":0,"1":0},"b":{"0":[0,0]},"_coverageSchema":"1a1c01bbd47fc00a2c39e90264f33305004495a9","hash":"165422ee2f27c63ce5880a3e7e0724d23f7f4544"}
,"D:\\React\\components\\RestaurantMenu.js": {"path":"D:\\React\\components\\RestaurantMenu.js","statementMap":{"0":{"start":{"line":9,"column":23},"end":{"line":52,"column":1}},"1":{"start":{"line":10,"column":20},"end":{"line":10,"column":31}},"2":{"start":{"line":12,"column":20},"end":{"line":12,"column":44}},"3":{"start":{"line":13,"column":25},"end":{"line":13,"column":42}},"4":{"start":{"line":15,"column":42},"end":{"line":15,"column":56}},"5":{"start":{"line":17,"column":25},"end":{"line":19,"column":6}},"6":{"start":{"line":18,"column":8},"end":{"line":18,"column":61}},"7":{"start":{"line":21,"column":4},"end":{"line":23,"column":5}},"8":{"start":{"line":22,"column":8},"end":{"line":22,"column":31}},"9":{"start":{"line":24,"column":4},"end":{"line":26,"column":5}},"10":{"start":{"line":25,"column":8},"end":{"line":25,"column":27}},"11":{"start":{"line":27,"column":48},"end":{"line":27,"column":82}},"12":{"start":{"line":28,"column":23},"end":{"line":30,"column":5}},"13":{"start":{"line":29,"column":8},"end":{"line":29,"column":99}},"14":{"start":{"line":32,"column":4},"end":{"line":51,"column":5}},"15":{"start":{"line":41,"column":20},"end":{"line":47,"column":22}}},"fnMap":{"0":{"name":"(anonymous_0)","decl":{"start":{"line":9,"column":23},"end":{"line":9,"column":24}},"loc":{"start":{"line":9,"column":29},"end":{"line":52,"column":1}},"line":9},"1":{"name":"(anonymous_1)","decl":{"start":{"line":17,"column":25},"end":{"line":17,"column":26}},"loc":{"start":{"line":17,"column":36},"end":{"line":19,"column":6}},"line":17},"2":{"name":"(anonymous_2)","decl":{"start":{"line":28,"column":91},"end":{"line":28,"column":92}},"loc":{"start":{"line":29,"column":8},"end":{"line":29,"column":99}},"line":29},"3":{"name":"(anonymous_3)","decl":{"start":{"line":40,"column":20},"end":{"line":40,"column":21}},"loc":{"start":{"line":41,"column":20},"end":{"line":47,"column":22}},"line":41}},"branchMap":{"0":{"loc":{"start":{"line":18,"column":23},"end":{"line":18,"column":59}},"type":"cond-expr","locations":[{"start":{"line":18,"column":47},"end":{"line":18,"column":51}},{"start":{"line":18,"column":54},"end":{"line":18,"column":59}}],"line":18},"1":{"loc":{"start":{"line":21,"column":4},"end":{"line":23,"column":5}},"type":"if","locations":[{"start":{"line":21,"column":4},"end":{"line":23,"column":5}},{"start":{},"end":{}}],"line":21},"2":{"loc":{"start":{"line":24,"column":4},"end":{"line":26,"column":5}},"type":"if","locations":[{"start":{"line":24,"column":4},"end":{"line":26,"column":5}},{"start":{},"end":{}}],"line":24}},"s":{"0":1,"1":0,"2":0,"3":0,"4":0,"5":0,"6":0,"7":0,"8":0,"9":0,"10":0,"11":0,"12":0,"13":0,"14":0,"15":0},"f":{"0":0,"1":0,"2":0,"3":0},"b":{"0":[0,0],"1":[0,0],"2":[0,0]},"_coverageSchema":"1a1c01bbd47fc00a2c39e90264f33305004495a9","hash":"3970d550fbf56a523f00f691046e5a392e9d70c0"}
,"D:\\React\\components\\Shimmer.js": {"path":"D:\\React\\components\\Shimmer.js","statementMap":{"0":{"start":{"line":2,"column":16},"end":{"line":40,"column":1}},"1":{"start":{"line":3,"column":4},"end":{"line":39,"column":5}}},"fnMap":{"0":{"name":"(anonymous_0)","decl":{"start":{"line":2,"column":16},"end":{"line":2,"column":17}},"loc":{"start":{"line":2,"column":22},"end":{"line":40,"column":1}},"line":2}},"branchMap":{},"s":{"0":2,"1":1},"f":{"0":1},"b":{},"_coverageSchema":"1a1c01bbd47fc00a2c39e90264f33305004495a9","hash":"cf891e476ce7e8abc146978845247f9c09eb9bbf"}
,"D:\\React\\components\\ShimmerRM.js": {"path":"D:\\React\\components\\ShimmerRM.js","statementMap":{"0":{"start":{"line":1,"column":18},"end":{"line":21,"column":1}},"1":{"start":{"line":2,"column":4},"end":{"line":20,"column":9}}},"fnMap":{"0":{"name":"(anonymous_0)","decl":{"start":{"line":1,"column":18},"end":{"line":1,"column":19}},"loc":{"start":{"line":1,"column":24},"end":{"line":21,"column":1}},"line":1}},"branchMap":{},"s":{"0":1,"1":0},"f":{"0":0},"b":{},"_coverageSchema":"1a1c01bbd47fc00a2c39e90264f33305004495a9","hash":"a2cc69f00424694ed2a27f117c0bea3faf67496a"}
,"D:\\React\\components\\sum.js": {"path":"D:\\React\\components\\sum.js","statementMap":{"0":{"start":{"line":1,"column":19},"end":{"line":3,"column":1}},"1":{"start":{"line":2,"column":4},"end":{"line":2,"column":15}}},"fnMap":{"0":{"name":"(anonymous_0)","decl":{"start":{"line":1,"column":19},"end":{"line":1,"column":20}},"loc":{"start":{"line":1,"column":28},"end":{"line":3,"column":1}},"line":1}},"branchMap":{},"s":{"0":1,"1":1},"f":{"0":1},"b":{},"_coverageSchema":"1a1c01bbd47fc00a2c39e90264f33305004495a9","hash":"03537f6986aba30a7576b3a45185a28a1e5970d8"}
,"D:\\React\\components\\utils\\UserContext.js": {"path":"D:\\React\\components\\utils\\UserContext.js","statementMap":{"0":{"start":{"line":3,"column":20},"end":{"line":5,"column":2}}},"fnMap":{},"branchMap":{},"s":{"0":1},"f":{},"b":{},"_coverageSchema":"1a1c01bbd47fc00a2c39e90264f33305004495a9","hash":"6bd123c51c567c637923267613f34975db15ff4d"}
,"D:\\React\\components\\utils\\appStore.js": {"path":"D:\\React\\components\\utils\\appStore.js","statementMap":{"0":{"start":{"line":4,"column":17},"end":{"line":8,"column":2}}},"fnMap":{},"branchMap":{},"s":{"0":1},"f":{},"b":{},"_coverageSchema":"1a1c01bbd47fc00a2c39e90264f33305004495a9","hash":"bead044ad27a8391e05f201bfd401bb38eb0bbd3"}
,"D:\\React\\components\\utils\\cartSlice.js": {"path":"D:\\React\\components\\utils\\cartSlice.js","statementMap":{"0":{"start":{"line":3,"column":18},"end":{"line":22,"column":2}},"1":{"start":{"line":10,"column":12},"end":{"line":10,"column":45}},"2":{"start":{"line":13,"column":26},"end":{"line":13,"column":105}},"3":{"start":{"line":13,"column":56},"end":{"line":13,"column":104}},"4":{"start":{"line":14,"column":12},"end":{"line":16,"column":13}},"5":{"start":{"line":15,"column":16},"end":{"line":15,"column":45}},"6":{"start":{"line":19,"column":12},"end":{"line":19,"column":35}},"7":{"start":{"line":24,"column":48},"end":{"line":24,"column":65}}},"fnMap":{"0":{"name":"(anonymous_0)","decl":{"start":{"line":9,"column":19},"end":{"line":9,"column":20}},"loc":{"start":{"line":9,"column":37},"end":{"line":11,"column":9}},"line":9},"1":{"name":"(anonymous_1)","decl":{"start":{"line":12,"column":22},"end":{"line":12,"column":23}},"loc":{"start":{"line":12,"column":40},"end":{"line":17,"column":9}},"line":12},"2":{"name":"(anonymous_2)","decl":{"start":{"line":13,"column":48},"end":{"line":13,"column":49}},"loc":{"start":{"line":13,"column":56},"end":{"line":13,"column":104}},"line":13},"3":{"name":"(anonymous_3)","decl":{"start":{"line":18,"column":20},"end":{"line":18,"column":21}},"loc":{"start":{"line":18,"column":31},"end":{"line":20,"column":9}},"line":18}},"branchMap":{"0":{"loc":{"start":{"line":14,"column":12},"end":{"line":16,"column":13}},"type":"if","locations":[{"start":{"line":14,"column":12},"end":{"line":16,"column":13}},{"start":{},"end":{}}],"line":14}},"s":{"0":2,"1":0,"2":0,"3":0,"4":0,"5":0,"6":0,"7":2},"f":{"0":0,"1":0,"2":0,"3":0},"b":{"0":[0,0]},"_coverageSchema":"1a1c01bbd47fc00a2c39e90264f33305004495a9","hash":"35c2f58b5f2672dd0d3f20e3b938cd9111a7caad"}
,"D:\\React\\components\\utils\\constants.js": {"path":"D:\\React\\components\\utils\\constants.js","statementMap":{"0":{"start":{"line":1,"column":23},"end":{"line":1,"column":106}},"1":{"start":{"line":3,"column":17},"end":{"line":3,"column":208}},"2":{"start":{"line":7,"column":24},"end":{"line":7,"column":162}},"3":{"start":{"line":10,"column":28},"end":{"line":10,"column":181}}},"fnMap":{},"branchMap":{},"s":{"0":4,"1":4,"2":4,"3":4},"f":{},"b":{},"_coverageSchema":"1a1c01bbd47fc00a2c39e90264f33305004495a9","hash":"c19f5c8509ae2bb55b4a197b490aad15d932d259"}
,"D:\\React\\components\\utils\\useOnlineStatus.js": {"path":"D:\\React\\components\\utils\\useOnlineStatus.js","statementMap":{"0":{"start":{"line":3,"column":24},"end":{"line":21,"column":1}},"1":{"start":{"line":4,"column":44},"end":{"line":4,"column":58}},"2":{"start":{"line":7,"column":4},"end":{"line":17,"column":9}},"3":{"start":{"line":9,"column":8},"end":{"line":11,"column":10}},"4":{"start":{"line":10,"column":12},"end":{"line":10,"column":34}},"5":{"start":{"line":13,"column":8},"end":{"line":15,"column":10}},"6":{"start":{"line":14,"column":12},"end":{"line":14,"column":35}},"7":{"start":{"line":20,"column":4},"end":{"line":20,"column":24}}},"fnMap":{"0":{"name":"(anonymous_0)","decl":{"start":{"line":3,"column":24},"end":{"line":3,"column":25}},"loc":{"start":{"line":3,"column":30},"end":{"line":21,"column":1}},"line":3},"1":{"name":"(anonymous_1)","decl":{"start":{"line":7,"column":15},"end":{"line":7,"column":16}},"loc":{"start":{"line":7,"column":21},"end":{"line":17,"column":5}},"line":7},"2":{"name":"(anonymous_2)","decl":{"start":{"line":9,"column":42},"end":{"line":9,"column":43}},"loc":{"start":{"line":9,"column":48},"end":{"line":11,"column":9}},"line":9},"3":{"name":"(anonymous_3)","decl":{"start":{"line":13,"column":43},"end":{"line":13,"column":44}},"loc":{"start":{"line":13,"column":49},"end":{"line":15,"column":9}},"line":13}},"branchMap":{},"s":{"0":3,"1":7,"2":7,"3":4,"4":0,"5":4,"6":0,"7":7},"f":{"0":7,"1":4,"2":0,"3":0},"b":{},"_coverageSchema":"1a1c01bbd47fc00a2c39e90264f33305004495a9","hash":"3162c2b979048fd91abfab29e7fd58f25714f241"}
,"D:\\React\\components\\utils\\useRestaurantMenu.js": {"path":"D:\\React\\components\\utils\\useRestaurantMenu.js","statementMap":{"0":{"start":{"line":3,"column":26},"end":{"line":15,"column":1}},"1":{"start":{"line":4,"column":34},"end":{"line":4,"column":48}},"2":{"start":{"line":5,"column":4},"end":{"line":7,"column":10}},"3":{"start":{"line":6,"column":8},"end":{"line":6,"column":20}},"4":{"start":{"line":9,"column":22},"end":{"line":13,"column":5}},"5":{"start":{"line":10,"column":21},"end":{"line":10,"column":48}},"6":{"start":{"line":11,"column":21},"end":{"line":11,"column":38}},"7":{"start":{"line":12,"column":8},"end":{"line":12,"column":30}},"8":{"start":{"line":14,"column":4},"end":{"line":14,"column":19}}},"fnMap":{"0":{"name":"(anonymous_0)","decl":{"start":{"line":3,"column":26},"end":{"line":3,"column":27}},"loc":{"start":{"line":3,"column":37},"end":{"line":15,"column":1}},"line":3},"1":{"name":"(anonymous_1)","decl":{"start":{"line":5,"column":15},"end":{"line":5,"column":16}},"loc":{"start":{"line":5,"column":21},"end":{"line":7,"column":5}},"line":5},"2":{"name":"(anonymous_2)","decl":{"start":{"line":9,"column":22},"end":{"line":9,"column":23}},"loc":{"start":{"line":9,"column":34},"end":{"line":13,"column":5}},"line":9}},"branchMap":{},"s":{"0":1,"1":0,"2":0,"3":0,"4":0,"5":0,"6":0,"7":0,"8":0},"f":{"0":0,"1":0,"2":0},"b":{},"_coverageSchema":"1a1c01bbd47fc00a2c39e90264f33305004495a9","hash":"dc50ffb62192eb33c16051e5aa0a393b87ac5b58"}
}
